dime 2 lenguajes de programacion

1. Java 
2. Python
dime para que se utilizan cada uno

1. Java se utiliza para el desarrollo de aplicaciones de escritorio y de servidor, así como la creación de aplicaciones web, aplicaciones móviles, juegos y sistemas empresariales.

2. Python es un lenguaje de programación multiproposito. Se utiliza para la creación de aplicaciones web, scripts, aplicaciones de escritorio, análisis de datos, inteligencia artificial, ciencia de datos y mucho más.
dime 2 lenguajes de programacion

1. Python
2. Java
dime para que sirve cada 1

1. Python es un lenguaje de programación interpretado y multiparadigma, orientado a objetos, funcional, imperativo y más. Se utiliza principalmente para desarrollar aplicaciones de software, automatizar tareas y procesamiento de datos.

2. Java es un lenguaje de programación orientado a objetos y de propósito general. Se usa para desarrollar aplicaciones, applets y servlets, y también es un lenguaje de programación para dispositivos móviles.
cual es mejordime 2 lenguajes de programacion

1. Java 
2. Python
cual es mejor

Esta pregunta es demasiado amplia para ser respondida de forma general. Depende de las necesidades específicas del proyecto.
que necesidades especificas del proyecto deben tenerse en cuenta


- Características de rendimiento.
- Facilidad de uso y aprendizaje.
- Integración con otros lenguajes y herramientas.
- Soporte de la comunidad y disponibilidad de recursos.
- Costo de la licencia.
dame 2 lenguajes deprogramacion

1. Java 
2. Python
que caracteristicas tienen estos lenguajes

1. Java: Java es un lenguaje de programación de alto nivel orientado a objetos, que fue diseñado para ser portátil, independiente de la plataforma y fácil de usar. Es un lenguaje de programación dinámico, seguro, orientado a objetos y con soporte multiparadigma.

2. Python: Python es un lenguaje de programación interpretado, multiparadigma y de alto nivel. Fue creado con el propósito de ser fácil de leer y entender, y su sintaxis permite a los programadores expresar conceptos en pocas líneas de código. Es un lenguaje de programación muy versátil y puede ser utilizado para desarrollar aplicaciones web, software, inteligencia artificial, y más.
hola

Hola! ¡Bienvenido!
sda

¿En qué puedo ayudarte?
soy juan


¡Hola Juan! ¿En qué puedo ayudarte?
en cachondearque es java

Java es un lenguaje de programación de propósito general de alto nivel que fue diseñado para tener la menor cantidad de dependencias de implementación posible. Fue creado en 1995 por Sun Microsystems y luego fue adquirido por Oracle Corporation. Java es un lenguaje de programación orientado a objetos que permite a los programadores escribir programas que se ejecutan en una máquina virtual Java en vez de en el hardware del equipo. Esto significa que los programas escritos en Java pueden ejecutarse en cualquier plataforma informática siempre y cuando estén equipadas con una máquina virtual Java.
para que me sirve